This file contains any messages produced by compilers while
running configure, to aid debugging if configure makes a mistake.

It was created by configure, which was
generated by GNU Autoconf 2.69.  Invocation command line was

  $ ./configure 

## --------- ##
## Platform. ##
## --------- ##

hostname = arch
uname -m = x86_64
uname -r = 3.10.10-1-ARCH
uname -s = Linux
uname -v = #1 SMP PREEMPT Fri Aug 30 11:30:06 CEST 2013

/usr/bin/uname -p = unknown
/bin/uname -X     = unknown

/bin/arch              = x86_64
/usr/bin/arch -k       = x86_64
/usr/convex/getsysinfo = unknown
/usr/bin/hostinfo      = unknown
/bin/machine           = unknown
/usr/bin/oslevel       = unknown
/bin/universe          = unknown

PATH: /usr/lib/razor-xdg-tools
PATH: /usr/local/sbin
PATH: /usr/local/bin
PATH: /usr/bin
PATH: /usr/bin/vendor_perl
PATH: /usr/bin/core_perl
PATH: /home/tobias/dev/em-dev/emscripten


## ----------- ##
## Core tests. ##
## ----------- ##

configure:1930: checking build system type
configure:1944: result: x86_64-unknown-linux-gnu
configure:1964: checking host system type
configure:1977: result: x86_64-unknown-linux-gnu
configure:2047: checking for gcc
configure:2074: result: /home/tobias/dev/em-dev/emscripten/emcc
configure:2303: checking for C compiler version
configure:2312: /home/tobias/dev/em-dev/emscripten/emcc --version >&5
emcc (Emscripten GCC-like replacement) 1.5.9 (commit 29a62bd92e056800c7bf8f91fbe4c9fc948bf035)
Copyright (C) 2013 the Emscripten authors (see AUTHORS.txt)
This is free and open source software under the MIT license.
There is NO warranty; not even for MERCHANTABILITY or FITNESS FOR A PARTICULAR PURPOSE.
  
configure:2323: $? = 0
configure:2312: /home/tobias/dev/em-dev/emscripten/emcc -v >&5
emcc (Emscripten GCC-like replacement + linker emulating GNU ld ) 2.0
clang version 3.2 (tags/RELEASE_32/final)
Target: x86_64-unknown-linux-gnu
Thread model: posix
configure:2323: $? = 0
configure:2312: /home/tobias/dev/em-dev/emscripten/emcc -V >&5
clang: error: unsupported option '-V -nostdinc'
clang: error: no input files
configure:2323: $? = 1
configure:2312: /home/tobias/dev/em-dev/emscripten/emcc -qversion >&5
clang: error: no input files
configure:2323: $? = 1
configure:2343: checking whether the C compiler works
configure:2365: /home/tobias/dev/em-dev/emscripten/emcc    conftest.c  >&5
configure:2369: $? = 0
configure:2417: result: yes
configure:2420: checking for C compiler default output file name
configure:2422: result: a.out
configure:2428: checking for suffix of executables
configure:2435: /home/tobias/dev/em-dev/emscripten/emcc -o conftest    conftest.c  >&5
configure:2439: $? = 0
configure:2461: result: 
configure:2483: checking whether we are cross compiling
configure:2491: /home/tobias/dev/em-dev/emscripten/emcc -o conftest    conftest.c  >&5
configure:2495: $? = 0
configure:2502: ./conftest
configure:2506: $? = 0
configure:2521: result: no
configure:2526: checking for suffix of object files
configure:2548: /home/tobias/dev/em-dev/emscripten/emcc -c   conftest.c >&5
configure:2552: $? = 0
configure:2573: result: o
configure:2577: checking whether we are using the GNU C compiler
configure:2596: /home/tobias/dev/em-dev/emscripten/emcc -c   conftest.c >&5
configure:2596: $? = 0
configure:2605: result: yes
configure:2614: checking whether /home/tobias/dev/em-dev/emscripten/emcc accepts -g
configure:2634: /home/tobias/dev/em-dev/emscripten/emcc -c -g  conftest.c >&5
configure:2634: $? = 0
configure:2675: result: yes
configure:2692: checking for /home/tobias/dev/em-dev/emscripten/emcc option to accept ISO C89
configure:2755: /home/tobias/dev/em-dev/emscripten/emcc  -c   conftest.c >&5
configure:2755: $? = 0
configure:2768: result: none needed
configure:2791: checking for an ANSI C-conforming const
configure:2857: /home/tobias/dev/em-dev/emscripten/emcc -c   conftest.c >&5
configure:2857: $? = 0
configure:2864: result: yes
configure:3001: checking for sdl-config
configure:3019: found /usr/bin/sdl-config
configure:3032: result: /usr/bin/sdl-config
configure:3041: checking for SDL - version >= 1.2.10
configure:3128: /home/tobias/dev/em-dev/emscripten/emcc -o conftest  -I/usr/include/SDL -D_GNU_SOURCE=1 -D_REENTRANT   conftest.c  -L/usr/lib -lSDL -lpthread >&5
configure:3128: $? = 0
configure:3128: ./conftest
configure:3128: $? = 0
configure:3143: result: yes
configure:3221: checking how to run the C preprocessor
configure:3252: /home/tobias/dev/em-dev/emscripten/emcc -E  conftest.c
configure:3252: $? = 0
configure:3266: /home/tobias/dev/em-dev/emscripten/emcc -E  conftest.c
conftest.c:9:10: fatal error: 'ac_nonexistent.h' file not found
#include <ac_nonexistent.h>
         ^
1 error generated.
configure:3266: $? = 1
configure: failed program was:
| /* confdefs.h */
| #define PACKAGE_NAME ""
| #define PACKAGE_TARNAME ""
| #define PACKAGE_VERSION ""
| #define PACKAGE_STRING ""
| #define PACKAGE_BUGREPORT ""
| #define PACKAGE_URL ""
| /* end confdefs.h.  */
| #include <ac_nonexistent.h>
configure:3291: result: /home/tobias/dev/em-dev/emscripten/emcc -E
configure:3311: /home/tobias/dev/em-dev/emscripten/emcc -E  conftest.c
configure:3311: $? = 0
configure:3325: /home/tobias/dev/em-dev/emscripten/emcc -E  conftest.c
conftest.c:9:10: fatal error: 'ac_nonexistent.h' file not found
#include <ac_nonexistent.h>
         ^
1 error generated.
configure:3325: $? = 1
configure: failed program was:
| /* confdefs.h */
| #define PACKAGE_NAME ""
| #define PACKAGE_TARNAME ""
| #define PACKAGE_VERSION ""
| #define PACKAGE_STRING ""
| #define PACKAGE_BUGREPORT ""
| #define PACKAGE_URL ""
| /* end confdefs.h.  */
| #include <ac_nonexistent.h>
configure:3354: checking for X
configure:3462: /home/tobias/dev/em-dev/emscripten/emcc -E  conftest.c
configure:3462: $? = 0
configure:3493: /home/tobias/dev/em-dev/emscripten/emcc -o conftest  -I/usr/include/SDL -D_GNU_SOURCE=1 -D_REENTRANT   conftest.c -lX11  -L/usr/lib -lSDL -lpthread >&5
configure:3493: $? = 0
configure:3543: result: libraries , headers 
configure:3560: checking for OpenGL support
configure:3577: /home/tobias/dev/em-dev/emscripten/emcc -c  -I/usr/include/SDL -D_GNU_SOURCE=1 -D_REENTRANT  conftest.c >&5
configure:3577: $? = 0
configure:3583: result: yes
configure:3745: creating ./config.status

## ---------------------- ##
## Running config.status. ##
## ---------------------- ##

This file was extended by config.status, which was
generated by GNU Autoconf 2.69.  Invocation command line was

  CONFIG_FILES    = 
  CONFIG_HEADERS  = 
  CONFIG_LINKS    = 
  CONFIG_COMMANDS = 
  $ ./config.status 

on arch

config.status:735: creating Makefile

## ---------------- ##
## Cache variables. ##
## ---------------- ##

ac_cv_build=x86_64-unknown-linux-gnu
ac_cv_c_compiler_gnu=yes
ac_cv_c_const=yes
ac_cv_env_CC_set=set
ac_cv_env_CC_value=/home/tobias/dev/em-dev/emscripten/emcc
ac_cv_env_CFLAGS_set=set
ac_cv_env_CFLAGS_value=
ac_cv_env_CPPFLAGS_set=
ac_cv_env_CPPFLAGS_value=
ac_cv_env_CPP_set=
ac_cv_env_CPP_value=
ac_cv_env_LDFLAGS_set=
ac_cv_env_LDFLAGS_value=
ac_cv_env_LIBS_set=
ac_cv_env_LIBS_value=
ac_cv_env_XMKMF_set=
ac_cv_env_XMKMF_value=
ac_cv_env_build_alias_set=
ac_cv_env_build_alias_value=
ac_cv_env_host_alias_set=
ac_cv_env_host_alias_value=
ac_cv_env_target_alias_set=
ac_cv_env_target_alias_value=
ac_cv_have_x='have_x=yes	ac_x_includes='\'''\''	ac_x_libraries='\'''\'''
ac_cv_host=x86_64-unknown-linux-gnu
ac_cv_objext=o
ac_cv_path_SDL_CONFIG=/usr/bin/sdl-config
ac_cv_prog_CPP='/home/tobias/dev/em-dev/emscripten/emcc -E'
ac_cv_prog_ac_ct_CC=/home/tobias/dev/em-dev/emscripten/emcc
ac_cv_prog_cc_c89=
ac_cv_prog_cc_g=yes

## ----------------- ##
## Output variables. ##
## ----------------- ##

CC='/home/tobias/dev/em-dev/emscripten/emcc'
CFLAGS=' -I/usr/include/SDL -D_GNU_SOURCE=1 -D_REENTRANT -DHAVE_OPENGL'
CPP='/home/tobias/dev/em-dev/emscripten/emcc -E'
CPPFLAGS=''
DEFS='-DPACKAGE_NAME=\"\" -DPACKAGE_TARNAME=\"\" -DPACKAGE_VERSION=\"\" -DPACKAGE_STRING=\"\" -DPACKAGE_BUGREPORT=\"\" -DPACKAGE_URL=\"\"'
ECHO_C=''
ECHO_N='-n'
ECHO_T=''
EXE=''
EXEEXT=''
GLLIB=' -lGL'
LDFLAGS=''
LIBOBJS=''
LIBS=' -L/usr/lib -lSDL -lpthread'
LTLIBOBJS=''
MATHLIB='-lm'
OBJEXT='o'
OSMESA_CONFIG=''
PACKAGE_BUGREPORT=''
PACKAGE_NAME=''
PACKAGE_STRING=''
PACKAGE_TARNAME=''
PACKAGE_URL=''
PACKAGE_VERSION=''
PATH_SEPARATOR=':'
SDL_CFLAGS='-I/usr/include/SDL -D_GNU_SOURCE=1 -D_REENTRANT'
SDL_CONFIG='/usr/bin/sdl-config'
SDL_LIBS='-L/usr/lib -lSDL -lpthread'
SHELL='/bin/sh'
XMKMF=''
ac_ct_CC='/home/tobias/dev/em-dev/emscripten/emcc'
bindir='${exec_prefix}/bin'
build='x86_64-unknown-linux-gnu'
build_alias=''
build_cpu='x86_64'
build_os='linux-gnu'
build_vendor='unknown'
datadir='${datarootdir}'
datarootdir='${prefix}/share'
docdir='${datarootdir}/doc/${PACKAGE}'
dvidir='${docdir}'
exec_prefix='${prefix}'
host='x86_64-unknown-linux-gnu'
host_alias=''
host_cpu='x86_64'
host_os='linux-gnu'
host_vendor='unknown'
htmldir='${docdir}'
includedir='${prefix}/include'
infodir='${datarootdir}/info'
libdir='${exec_prefix}/lib'
libexecdir='${exec_prefix}/libexec'
localedir='${datarootdir}/locale'
localstatedir='${prefix}/var'
mandir='${datarootdir}/man'
oldincludedir='/usr/include'
pdfdir='${docdir}'
prefix='/usr/local'
program_transform_name='s,x,x,'
psdir='${docdir}'
sbindir='${exec_prefix}/sbin'
sharedstatedir='${prefix}/com'
sysconfdir='${prefix}/etc'
target_alias=''

## ----------- ##
## confdefs.h. ##
## ----------- ##

/* confdefs.h */
#define PACKAGE_NAME ""
#define PACKAGE_TARNAME ""
#define PACKAGE_VERSION ""
#define PACKAGE_STRING ""
#define PACKAGE_BUGREPORT ""
#define PACKAGE_URL ""

configure: exit 0
